This is pdfTeX, Version 3.14159265-2.6-1.40.20 (MiKTeX 2.9.7200 64-bit) (preloaded format=pdflatex 2019.11.3)  5 MAY 2020 15:25
entering extended mode
**"c:/Users/Karl Foley/Documents/COMP3350/Assessment 2/Comp3350report/main.tex"
("c:/Users/Karl Foley/Documents/COMP3350/Assessment 2/Comp3350report/main.tex"
LaTeX2e <2019-10-01> patch level 1
("C:\Users\Karl Foley\AppData\Local\Programs\MiKTeX 2.9\tex/latex/base\article.cls"
Document Class: article 2019/08/27 v1.4j Standard LaTeX document class
("C:\Users\Karl Foley\AppData\Local\Programs\MiKTeX 2.9\tex/latex/base\size12.clo"
File: size12.clo 2019/08/27 v1.4j Standard LaTeX file (size option)
)
\c@part=\count80
\c@section=\count81
\c@subsection=\count82
\c@subsubsection=\count83
\c@paragraph=\count84
\c@subparagraph=\count85
\c@figure=\count86
\c@table=\count87
\abovecaptionskip=\skip41
\belowcaptionskip=\skip42
\bibindent=\dimen102
) ("C:\Users\Karl Foley\AppData\Local\Programs\MiKTeX 2.9\tex/generic/babel\babel.sty"
Package: babel 2019/10/15 3.35 The Babel package
 ("C:\Users\Karl Foley\AppData\Local\Programs\MiKTeX 2.9\tex/generic/babel\switch.def"
File: switch.def 2019/10/15 3.35 Babel switching mechanism
)
*************************************
* Local config file bblopts.cfg used
*
("C:\Users\Karl Foley\AppData\Local\Programs\MiKTeX 2.9\tex/latex/arabi\bblopts.cfg"
File: bblopts.cfg 2005/09/08 v0.1 add Arabic and Farsi to "declared" options of babel
) ("C:\Users\Karl Foley\AppData\Local\Programs\MiKTeX 2.9\tex/latex/babel-english\english.ldf"
Language: english 2017/06/06 v3.3r English support from the babel system
 ("C:\Users\Karl Foley\AppData\Local\Programs\MiKTeX 2.9\tex/generic/babel\babel.def"
File: babel.def 2019/10/15 3.35 Babel common definitions
\babel@savecnt=\count88
\U@D=\dimen103
 ("C:\Users\Karl Foley\AppData\Local\Programs\MiKTeX 2.9\tex/generic/babel\txtbabel.def")
\bbl@dirlevel=\count89
)
\l@canadian = a dialect from \language\l@american 
\l@australian = a dialect from \language\l@british 
\l@newzealand = a dialect from \language\l@british 
)) ("C:\Users\Karl Foley\AppData\Local\Programs\MiKTeX 2.9\tex/latex/base\inputenc.sty"
Package: inputenc 2018/08/11 v1.3c Input encoding file
\inpenc@prehook=\toks14
\inpenc@posthook=\toks15
 ("C:\Users\Karl Foley\AppData\Local\Programs\MiKTeX 2.9\tex/latex/ucs\utf8x.def"
File: utf8x.def 2004/10/17 UCS: Input encoding UTF-8
)) ("C:\Users\Karl Foley\AppData\Local\Programs\MiKTeX 2.9\tex/latex/ucs\ucs.sty"
Package: ucs 2013/05/11 v2.2 UCS: Unicode input support
 ("C:\Users\Karl Foley\AppData\Local\Programs\MiKTeX 2.9\tex/latex/ucs\uni-global.def"
File: uni-global.def 2013/05/13 UCS: Unicode global data
)
\uc@secondtry=\count90
\uc@combtoks=\toks16
\uc@combtoksb=\toks17
\uc@temptokena=\toks18
) ("C:\Users\Karl Foley\AppData\Local\Programs\MiKTeX 2.9\tex/latex/amsmath\amsmath.sty"
Package: amsmath 2019/04/01 v2.17c AMS math features
\@mathmargin=\skip43

For additional information on amsmath, use the `?' option.
("C:\Users\Karl Foley\AppData\Local\Programs\MiKTeX 2.9\tex/latex/amsmath\amstext.sty"
Package: amstext 2000/06/29 v2.01 AMS text
 ("C:\Users\Karl Foley\AppData\Local\Programs\MiKTeX 2.9\tex/latex/amsmath\amsgen.sty"
File: amsgen.sty 1999/11/30 v2.0 generic functions
\@emptytoks=\toks19
\ex@=\dimen104
)) ("C:\Users\Karl Foley\AppData\Local\Programs\MiKTeX 2.9\tex/latex/amsmath\amsbsy.sty"
Package: amsbsy 1999/11/29 v1.2d Bold Symbols
\pmbraise@=\dimen105
) ("C:\Users\Karl Foley\AppData\Local\Programs\MiKTeX 2.9\tex/latex/amsmath\amsopn.sty"
Package: amsopn 2016/03/08 v2.02 operator names
)
\inf@bad=\count91
LaTeX Info: Redefining \frac on input line 227.
\uproot@=\count92
\leftroot@=\count93
LaTeX Info: Redefining \overline on input line 389.
\classnum@=\count94
\DOTSCASE@=\count95
LaTeX Info: Redefining \ldots on input line 486.
LaTeX Info: Redefining \dots on input line 489.
LaTeX Info: Redefining \cdots on input line 610.
\Mathstrutbox@=\box27
\strutbox@=\box28
\big@size=\dimen106
LaTeX Font Info:    Redeclaring font encoding OML on input line 733.
LaTeX Font Info:    Redeclaring font encoding OMS on input line 734.
\macc@depth=\count96
\c@MaxMatrixCols=\count97
\dotsspace@=\muskip10
\c@parentequation=\count98
\dspbrk@lvl=\count99
\tag@help=\toks20
\row@=\count100
\column@=\count101
\maxfields@=\count102
\andhelp@=\toks21
\eqnshift@=\dimen107
\alignsep@=\dimen108
\tagshift@=\dimen109
\tagwidth@=\dimen110
\totwidth@=\dimen111
\lineht@=\dimen112
\@envbody=\toks22
\multlinegap=\skip44
\multlinetaggap=\skip45
\mathdisplay@stack=\toks23
LaTeX Info: Redefining \[ on input line 2855.
LaTeX Info: Redefining \] on input line 2856.
) ("C:\Users\Karl Foley\AppData\Local\Programs\MiKTeX 2.9\tex/latex/graphics\graphicx.sty"
Package: graphicx 2017/06/01 v1.1a Enhanced LaTeX Graphics (DPC,SPQR)
 ("C:\Users\Karl Foley\AppData\Local\Programs\MiKTeX 2.9\tex/latex/graphics\keyval.sty"
Package: keyval 2014/10/28 v1.15 key=value parser (DPC)
\KV@toks@=\toks24
) ("C:\Users\Karl Foley\AppData\Local\Programs\MiKTeX 2.9\tex/latex/graphics\graphics.sty"
Package: graphics 2019/10/08 v1.3c Standard LaTeX Graphics (DPC,SPQR)
 ("C:\Users\Karl Foley\AppData\Local\Programs\MiKTeX 2.9\tex/latex/graphics\trig.sty"
Package: trig 2016/01/03 v1.10 sin cos tan (DPC)
) ("C:\Users\Karl Foley\AppData\Local\Programs\MiKTeX 2.9\tex/latex/graphics-cfg\graphics.cfg"
File: graphics.cfg 2016/06/04 v1.11 sample graphics configuration
)
Package graphics Info: Driver file: pdftex.def on input line 105.
 ("C:\Users\Karl Foley\AppData\Local\Programs\MiKTeX 2.9\tex/latex/graphics-def\pdftex.def"
File: pdftex.def 2018/01/08 v1.0l Graphics/color driver for pdftex
))
\Gin@req@height=\dimen113
\Gin@req@width=\dimen114
) ("C:\Users\Karl Foley\AppData\Local\Programs\MiKTeX 2.9\tex/latex/adjustbox\adjustbox.sty"
Package: adjustbox 2019/01/04 v1.2 Adjusting TeX boxes (trim, clip, ...)
 ("C:\Users\Karl Foley\AppData\Local\Programs\MiKTeX 2.9\tex/latex/xkeyval\xkeyval.sty"
Package: xkeyval 2014/12/03 v2.7a package option processing (HA)
 ("C:\Users\Karl Foley\AppData\Local\Programs\MiKTeX 2.9\tex/generic/xkeyval\xkeyval.tex" ("C:\Users\Karl Foley\AppData\Local\Programs\MiKTeX 2.9\tex/generic/xkeyval\xkvutils.tex"
\XKV@toks=\toks25
\XKV@tempa@toks=\toks26
)
\XKV@depth=\count103
File: xkeyval.tex 2014/12/03 v2.7a key=value parser (HA)
)) ("C:\Users\Karl Foley\AppData\Local\Programs\MiKTeX 2.9\tex/latex/adjustbox\adjcalc.sty"
Package: adjcalc 2012/05/16 v1.1 Provides advanced setlength with multiple back-ends (calc, etex, pgfmath)
) ("C:\Users\Karl Foley\AppData\Local\Programs\MiKTeX 2.9\tex/latex/adjustbox\trimclip.sty"
Package: trimclip 2018/04/08 v1.1 Trim and clip general TeX material
 ("C:\Users\Karl Foley\AppData\Local\Programs\MiKTeX 2.9\tex/latex/collectbox\collectbox.sty"
Package: collectbox 2012/05/17 v0.4b Collect macro arguments as boxes
\collectedbox=\box29
)
\tc@llx=\dimen115
\tc@lly=\dimen116
\tc@urx=\dimen117
\tc@ury=\dimen118
Package trimclip Info: Using driver 'tc-pdftex.def'.
 ("C:\Users\Karl Foley\AppData\Local\Programs\MiKTeX 2.9\tex/latex/adjustbox\tc-pdftex.def"
File: tc-pdftex.def 2019/01/04 v2.2 Clipping driver for pdftex
))
\adjbox@Width=\dimen119
\adjbox@Height=\dimen120
\adjbox@Depth=\dimen121
\adjbox@Totalheight=\dimen122
\adjbox@pwidth=\dimen123
\adjbox@pheight=\dimen124
\adjbox@pdepth=\dimen125
\adjbox@ptotalheight=\dimen126
 ("C:\Users\Karl Foley\AppData\Local\Programs\MiKTeX 2.9\tex/latex/ifoddpage\ifoddpage.sty"
Package: ifoddpage 2016/04/23 v1.1 Conditionals for odd/even page detection
\c@checkoddpage=\count104
) ("C:\Users\Karl Foley\AppData\Local\Programs\MiKTeX 2.9\tex/latex/varwidth\varwidth.sty"
Package: varwidth 2009/03/30 ver 0.92;  Variable-width minipages
\@vwid@box=\box30
\sift@deathcycles=\count105
\@vwid@loff=\dimen127
\@vwid@roff=\dimen128
)) ("C:\Users\Karl Foley\AppData\Local\Programs\MiKTeX 2.9\tex/latex/natbib\natbib.sty"
Package: natbib 2010/09/13 8.31b (PWD, AO)
\bibhang=\skip46
\bibsep=\skip47
LaTeX Info: Redefining \cite on input line 694.
\c@NAT@ctr=\count106
) ("C:\Users\Karl Foley\AppData\Local\Programs\MiKTeX 2.9\tex/latex/float\float.sty"
Package: float 2001/11/08 v1.3d Float enhancements (AL)
\c@float@type=\count107
\float@exts=\toks27
\float@box=\box31
\@float@everytoks=\toks28
\@floatcapt=\box32
) ("C:\Users\Karl Foley\AppData\Local\Programs\MiKTeX 2.9\tex/latex/todonotes\todonotes.sty"
Package: todonotes 2019/01/24 v1.1.2 Todonotes source and documentation.
Package: todonotes 2018/11/22
 ("C:\Users\Karl Foley\AppData\Local\Programs\MiKTeX 2.9\tex/latex/base\ifthen.sty"
Package: ifthen 2014/09/29 v1.1c Standard LaTeX ifthen package (DPC)
) ("C:\Users\Karl Foley\AppData\Local\Programs\MiKTeX 2.9\tex/latex/xcolor\xcolor.sty"
Package: xcolor 2016/05/11 v2.12 LaTeX color extensions (UK)
 ("C:\Users\Karl Foley\AppData\Local\Programs\MiKTeX 2.9\tex/latex/graphics-cfg\color.cfg"
File: color.cfg 2016/01/02 v1.6 sample color configuration
)
Package xcolor Info: Driver file: pdftex.def on input line 225.
Package xcolor Info: Model `cmy' substituted by `cmy0' on input line 1348.
Package xcolor Info: Model `hsb' substituted by `rgb' on input line 1352.
Package xcolor Info: Model `RGB' extended on input line 1364.
Package xcolor Info: Model `HTML' substituted by `rgb' on input line 1366.
Package xcolor Info: Model `Hsb' substituted by `hsb' on input line 1367.
Package xcolor Info: Model `tHsb' substituted by `hsb' on input line 1368.
Package xcolor Info: Model `HSB' substituted by `hsb' on input line 1369.
Package xcolor Info: Model `Gray' substituted by `gray' on input line 1370.
Package xcolor Info: Model `wave' substituted by `hsb' on input line 1371.
) ("C:\Users\Karl Foley\AppData\Local\Programs\MiKTeX 2.9\tex/latex/pgf/frontendlayer\tikz.sty" ("C:\Users\Karl Foley\AppData\Local\Programs\MiKTeX 2.9\tex/latex/pgf/basiclayer\pgf.sty" ("C:\Users\Karl Foley\AppData\Local\Programs\MiKTeX 2.9\tex/latex/pgf/utilities\pgfrcs.sty" ("C:\Users\Karl Foley\AppData\Local\Programs\MiKTeX 2.9\tex/generic/pgf/utilities\pgfutil-common.tex"
\pgfutil@everybye=\toks29
\pgfutil@tempdima=\dimen129
\pgfutil@tempdimb=\dimen130
 ("C:\Users\Karl Foley\AppData\Local\Programs\MiKTeX 2.9\tex/generic/pgf/utilities\pgfutil-common-lists.tex")) ("C:\Users\Karl Foley\AppData\Local\Programs\MiKTeX 2.9\tex/generic/pgf/utilities\pgfutil-latex.def"
\pgfutil@abb=\box33
 ("C:\Users\Karl Foley\AppData\Local\Programs\MiKTeX 2.9\tex/latex/ms\everyshi.sty"
Package: everyshi 2001/05/15 v3.00 EveryShipout Package (MS)
)) ("C:\Users\Karl Foley\AppData\Local\Programs\MiKTeX 2.9\tex/generic/pgf/utilities\pgfrcs.code.tex" ("C:\Users\Karl Foley\AppData\Local\Programs\MiKTeX 2.9\tex/generic/pgf\pgf.revision.tex")
Package: pgfrcs 2019/08/03 v3.1.4b (3.1.4b)
))
Package: pgf 2019/08/03 v3.1.4b (3.1.4b)
 ("C:\Users\Karl Foley\AppData\Local\Programs\MiKTeX 2.9\tex/latex/pgf/basiclayer\pgfcore.sty" ("C:\Users\Karl Foley\AppData\Local\Programs\MiKTeX 2.9\tex/latex/pgf/systemlayer\pgfsys.sty" ("C:\Users\Karl Foley\AppData\Local\Programs\MiKTeX 2.9\tex/generic/pgf/systemlayer\pgfsys.code.tex"
Package: pgfsys 2019/08/03 v3.1.4b (3.1.4b)
 ("C:\Users\Karl Foley\AppData\Local\Programs\MiKTeX 2.9\tex/generic/pgf/utilities\pgfkeys.code.tex"
\pgfkeys@pathtoks=\toks30
\pgfkeys@temptoks=\toks31
 ("C:\Users\Karl Foley\AppData\Local\Programs\MiKTeX 2.9\tex/generic/pgf/utilities\pgfkeysfiltered.code.tex"
\pgfkeys@tmptoks=\toks32
))
\pgf@x=\dimen131
\pgf@y=\dimen132
\pgf@xa=\dimen133
\pgf@ya=\dimen134
\pgf@xb=\dimen135
\pgf@yb=\dimen136
\pgf@xc=\dimen137
\pgf@yc=\dimen138
\pgf@xd=\dimen139
\pgf@yd=\dimen140
\w@pgf@writea=\write3
\r@pgf@reada=\read1
\c@pgf@counta=\count108
\c@pgf@countb=\count109
\c@pgf@countc=\count110
\c@pgf@countd=\count111
\t@pgf@toka=\toks33
\t@pgf@tokb=\toks34
\t@pgf@tokc=\toks35
\pgf@sys@id@count=\count112
 ("C:\Users\Karl Foley\AppData\Local\Programs\MiKTeX 2.9\tex/generic/pgf/systemlayer\pgf.cfg"
File: pgf.cfg 2019/08/03 v3.1.4b (3.1.4b)
)
Driver file for pgf: pgfsys-pdftex.def
 ("C:\Users\Karl Foley\AppData\Local\Programs\MiKTeX 2.9\tex/generic/pgf/systemlayer\pgfsys-pdftex.def"
File: pgfsys-pdftex.def 2019/08/03 v3.1.4b (3.1.4b)
 ("C:\Users\Karl Foley\AppData\Local\Programs\MiKTeX 2.9\tex/generic/pgf/systemlayer\pgfsys-common-pdf.def"
File: pgfsys-common-pdf.def 2019/08/03 v3.1.4b (3.1.4b)
))) ("C:\Users\Karl Foley\AppData\Local\Programs\MiKTeX 2.9\tex/generic/pgf/systemlayer\pgfsyssoftpath.code.tex"
File: pgfsyssoftpath.code.tex 2019/08/03 v3.1.4b (3.1.4b)
\pgfsyssoftpath@smallbuffer@items=\count113
\pgfsyssoftpath@bigbuffer@items=\count114
) ("C:\Users\Karl Foley\AppData\Local\Programs\MiKTeX 2.9\tex/generic/pgf/systemlayer\pgfsysprotocol.code.tex"
File: pgfsysprotocol.code.tex 2019/08/03 v3.1.4b (3.1.4b)
)) ("C:\Users\Karl Foley\AppData\Local\Programs\MiKTeX 2.9\tex/generic/pgf/basiclayer\pgfcore.code.tex"
Package: pgfcore 2019/08/03 v3.1.4b (3.1.4b)
 ("C:\Users\Karl Foley\AppData\Local\Programs\MiKTeX 2.9\tex/generic/pgf/math\pgfmath.code.tex" ("C:\Users\Karl Foley\AppData\Local\Programs\MiKTeX 2.9\tex/generic/pgf/math\pgfmathcalc.code.tex" ("C:\Users\Karl Foley\AppData\Local\Programs\MiKTeX 2.9\tex/generic/pgf/math\pgfmathutil.code.tex") ("C:\Users\Karl Foley\AppData\Local\Programs\MiKTeX 2.9\tex/generic/pgf/math\pgfmathparser.code.tex"
\pgfmath@dimen=\dimen141
\pgfmath@count=\count115
\pgfmath@box=\box34
\pgfmath@toks=\toks36
\pgfmath@stack@operand=\toks37
\pgfmath@stack@operation=\toks38
) ("C:\Users\Karl Foley\AppData\Local\Programs\MiKTeX 2.9\tex/generic/pgf/math\pgfmathfunctions.code.tex" ("C:\Users\Karl Foley\AppData\Local\Programs\MiKTeX 2.9\tex/generic/pgf/math\pgfmathfunctions.basic.code.tex") ("C:\Users\Karl Foley\AppData\Local\Programs\MiKTeX 2.9\tex/generic/pgf/math\pgfmathfunctions.trigonometric.code.tex") ("C:\Users\Karl Foley\AppData\Local\Programs\MiKTeX 2.9\tex/generic/pgf/math\pgfmathfunctions.random.code.tex") ("C:\Users\Karl Foley\AppData\Local\Programs\MiKTeX 2.9\tex/generic/pgf/math\pgfmathfunctions.comparison.code.tex") ("C:\Users\Karl Foley\AppData\Local\Programs\MiKTeX 2.9\tex/generic/pgf/math\pgfmathfunctions.base.code.tex") ("C:\Users\Karl Foley\AppData\Local\Programs\MiKTeX 2.9\tex/generic/pgf/math\pgfmathfunctions.round.code.tex") ("C:\Users\Karl Foley\AppData\Local\Programs\MiKTeX 2.9\tex/generic/pgf/math\pgfmathfunctions.misc.code.tex") ("C:\Users\Karl Foley\AppData\Local\Programs\MiKTeX 2.9\tex/generic/pgf/math\pgfmathfunctions.integerarithmetics.code.tex"))) ("C:\Users\Karl Foley\AppData\Local\Programs\MiKTeX 2.9\tex/generic/pgf/math\pgfmathfloat.code.tex"
\c@pgfmathroundto@lastzeros=\count116
)) ("C:\Users\Karl Foley\AppData\Local\Programs\MiKTeX 2.9\tex/generic/pgf/math\pgfint.code.tex") ("C:\Users\Karl Foley\AppData\Local\Programs\MiKTeX 2.9\tex/generic/pgf/basiclayer\pgfcorepoints.code.tex"
File: pgfcorepoints.code.tex 2019/08/03 v3.1.4b (3.1.4b)
\pgf@picminx=\dimen142
\pgf@picmaxx=\dimen143
\pgf@picminy=\dimen144
\pgf@picmaxy=\dimen145
\pgf@pathminx=\dimen146
\pgf@pathmaxx=\dimen147
\pgf@pathminy=\dimen148
\pgf@pathmaxy=\dimen149
\pgf@xx=\dimen150
\pgf@xy=\dimen151
\pgf@yx=\dimen152
\pgf@yy=\dimen153
\pgf@zx=\dimen154
\pgf@zy=\dimen155
) ("C:\Users\Karl Foley\AppData\Local\Programs\MiKTeX 2.9\tex/generic/pgf/basiclayer\pgfcorepathconstruct.code.tex"
File: pgfcorepathconstruct.code.tex 2019/08/03 v3.1.4b (3.1.4b)
\pgf@path@lastx=\dimen156
\pgf@path@lasty=\dimen157
) ("C:\Users\Karl Foley\AppData\Local\Programs\MiKTeX 2.9\tex/generic/pgf/basiclayer\pgfcorepathusage.code.tex"
File: pgfcorepathusage.code.tex 2019/08/03 v3.1.4b (3.1.4b)
\pgf@shorten@end@additional=\dimen158
\pgf@shorten@start@additional=\dimen159
) ("C:\Users\Karl Foley\AppData\Local\Programs\MiKTeX 2.9\tex/generic/pgf/basiclayer\pgfcorescopes.code.tex"
File: pgfcorescopes.code.tex 2019/08/03 v3.1.4b (3.1.4b)
\pgfpic=\box35
\pgf@hbox=\box36
\pgf@layerbox@main=\box37
\pgf@picture@serial@count=\count117
) ("C:\Users\Karl Foley\AppData\Local\Programs\MiKTeX 2.9\tex/generic/pgf/basiclayer\pgfcoregraphicstate.code.tex"
File: pgfcoregraphicstate.code.tex 2019/08/03 v3.1.4b (3.1.4b)
\pgflinewidth=\dimen160
) ("C:\Users\Karl Foley\AppData\Local\Programs\MiKTeX 2.9\tex/generic/pgf/basiclayer\pgfcoretransformations.code.tex"
File: pgfcoretransformations.code.tex 2019/08/03 v3.1.4b (3.1.4b)
\pgf@pt@x=\dimen161
\pgf@pt@y=\dimen162
\pgf@pt@temp=\dimen163
) ("C:\Users\Karl Foley\AppData\Local\Programs\MiKTeX 2.9\tex/generic/pgf/basiclayer\pgfcorequick.code.tex"
File: pgfcorequick.code.tex 2019/08/03 v3.1.4b (3.1.4b)
) ("C:\Users\Karl Foley\AppData\Local\Programs\MiKTeX 2.9\tex/generic/pgf/basiclayer\pgfcoreobjects.code.tex"
File: pgfcoreobjects.code.tex 2019/08/03 v3.1.4b (3.1.4b)
) ("C:\Users\Karl Foley\AppData\Local\Programs\MiKTeX 2.9\tex/generic/pgf/basiclayer\pgfcorepathprocessing.code.tex"
File: pgfcorepathprocessing.code.tex 2019/08/03 v3.1.4b (3.1.4b)
) ("C:\Users\Karl Foley\AppData\Local\Programs\MiKTeX 2.9\tex/generic/pgf/basiclayer\pgfcorearrows.code.tex"
File: pgfcorearrows.code.tex 2019/08/03 v3.1.4b (3.1.4b)
\pgfarrowsep=\dimen164
) ("C:\Users\Karl Foley\AppData\Local\Programs\MiKTeX 2.9\tex/generic/pgf/basiclayer\pgfcoreshade.code.tex"
File: pgfcoreshade.code.tex 2019/08/03 v3.1.4b (3.1.4b)
\pgf@max=\dimen165
\pgf@sys@shading@range@num=\count118
\pgf@shadingcount=\count119
) ("C:\Users\Karl Foley\AppData\Local\Programs\MiKTeX 2.9\tex/generic/pgf/basiclayer\pgfcoreimage.code.tex"
File: pgfcoreimage.code.tex 2019/08/03 v3.1.4b (3.1.4b)
 ("C:\Users\Karl Foley\AppData\Local\Programs\MiKTeX 2.9\tex/generic/pgf/basiclayer\pgfcoreexternal.code.tex"
File: pgfcoreexternal.code.tex 2019/08/03 v3.1.4b (3.1.4b)
\pgfexternal@startupbox=\box38
)) ("C:\Users\Karl Foley\AppData\Local\Programs\MiKTeX 2.9\tex/generic/pgf/basiclayer\pgfcorelayers.code.tex"
File: pgfcorelayers.code.tex 2019/08/03 v3.1.4b (3.1.4b)
) ("C:\Users\Karl Foley\AppData\Local\Programs\MiKTeX 2.9\tex/generic/pgf/basiclayer\pgfcoretransparency.code.tex"
File: pgfcoretransparency.code.tex 2019/08/03 v3.1.4b (3.1.4b)
) ("C:\Users\Karl Foley\AppData\Local\Programs\MiKTeX 2.9\tex/generic/pgf/basiclayer\pgfcorepatterns.code.tex"
File: pgfcorepatterns.code.tex 2019/08/03 v3.1.4b (3.1.4b)
) ("C:\Users\Karl Foley\AppData\Local\Programs\MiKTeX 2.9\tex/generic/pgf/basiclayer\pgfcorerdf.code.tex"
File: pgfcorerdf.code.tex 2019/08/03 v3.1.4b (3.1.4b)
))) ("C:\Users\Karl Foley\AppData\Local\Programs\MiKTeX 2.9\tex/generic/pgf/modules\pgfmoduleshapes.code.tex"
File: pgfmoduleshapes.code.tex 2019/08/03 v3.1.4b (3.1.4b)
\pgfnodeparttextbox=\box39
) ("C:\Users\Karl Foley\AppData\Local\Programs\MiKTeX 2.9\tex/generic/pgf/modules\pgfmoduleplot.code.tex"
File: pgfmoduleplot.code.tex 2019/08/03 v3.1.4b (3.1.4b)
) ("C:\Users\Karl Foley\AppData\Local\Programs\MiKTeX 2.9\tex/latex/pgf/compatibility\pgfcomp-version-0-65.sty"
Package: pgfcomp-version-0-65 2019/08/03 v3.1.4b (3.1.4b)
\pgf@nodesepstart=\dimen166
\pgf@nodesepend=\dimen167
) ("C:\Users\Karl Foley\AppData\Local\Programs\MiKTeX 2.9\tex/latex/pgf/compatibility\pgfcomp-version-1-18.sty"
Package: pgfcomp-version-1-18 2019/08/03 v3.1.4b (3.1.4b)
)) ("C:\Users\Karl Foley\AppData\Local\Programs\MiKTeX 2.9\tex/latex/pgf/utilities\pgffor.sty" ("C:\Users\Karl Foley\AppData\Local\Programs\MiKTeX 2.9\tex/latex/pgf/utilities\pgfkeys.sty" ("C:\Users\Karl Foley\AppData\Local\Programs\MiKTeX 2.9\tex/generic/pgf/utilities\pgfkeys.code.tex")) ("C:\Users\Karl Foley\AppData\Local\Programs\MiKTeX 2.9\tex/latex/pgf/math\pgfmath.sty" ("C:\Users\Karl Foley\AppData\Local\Programs\MiKTeX 2.9\tex/generic/pgf/math\pgfmath.code.tex")) ("C:\Users\Karl Foley\AppData\Local\Programs\MiKTeX 2.9\tex/generic/pgf/utilities\pgffor.code.tex"
Package: pgffor 2019/08/03 v3.1.4b (3.1.4b)
 ("C:\Users\Karl Foley\AppData\Local\Programs\MiKTeX 2.9\tex/generic/pgf/math\pgfmath.code.tex")
\pgffor@iter=\dimen168
\pgffor@skip=\dimen169
\pgffor@stack=\toks39
\pgffor@toks=\toks40
)) ("C:\Users\Karl Foley\AppData\Local\Programs\MiKTeX 2.9\tex/generic/pgf/frontendlayer/tikz\tikz.code.tex"
Package: tikz 2019/08/03 v3.1.4b (3.1.4b)
 ("C:\Users\Karl Foley\AppData\Local\Programs\MiKTeX 2.9\tex/generic/pgf/libraries\pgflibraryplothandlers.code.tex"
File: pgflibraryplothandlers.code.tex 2019/08/03 v3.1.4b (3.1.4b)
\pgf@plot@mark@count=\count120
\pgfplotmarksize=\dimen170
)
\tikz@lastx=\dimen171
\tikz@lasty=\dimen172
\tikz@lastxsaved=\dimen173
\tikz@lastysaved=\dimen174
\tikz@lastmovetox=\dimen175
\tikz@lastmovetoy=\dimen176
\tikzleveldistance=\dimen177
\tikzsiblingdistance=\dimen178
\tikz@figbox=\box40
\tikz@figbox@bg=\box41
\tikz@tempbox=\box42
\tikz@tempbox@bg=\box43
\tikztreelevel=\count121
\tikznumberofchildren=\count122
\tikznumberofcurrentchild=\count123
\tikz@fig@count=\count124
 ("C:\Users\Karl Foley\AppData\Local\Programs\MiKTeX 2.9\tex/generic/pgf/modules\pgfmodulematrix.code.tex"
File: pgfmodulematrix.code.tex 2019/08/03 v3.1.4b (3.1.4b)
\pgfmatrixcurrentrow=\count125
\pgfmatrixcurrentcolumn=\count126
\pgf@matrix@numberofcolumns=\count127
)
\tikz@expandcount=\count128
 ("C:\Users\Karl Foley\AppData\Local\Programs\MiKTeX 2.9\tex/generic/pgf/frontendlayer/tikz/libraries\tikzlibrarytopaths.code.tex"
File: tikzlibrarytopaths.code.tex 2019/08/03 v3.1.4b (3.1.4b)
))) ("C:\Users\Karl Foley\AppData\Local\Programs\MiKTeX 2.9\tex/generic/pgf/frontendlayer/tikz/libraries\tikzlibrarypositioning.code.tex"
File: tikzlibrarypositioning.code.tex 2019/08/03 v3.1.4b (3.1.4b)
) ("C:\Users\Karl Foley\AppData\Local\Programs\MiKTeX 2.9\tex/generic/pgf/frontendlayer/tikz/libraries\tikzlibraryshadows.code.tex"
File: tikzlibraryshadows.code.tex 2019/08/03 v3.1.4b (3.1.4b)
 ("C:\Users\Karl Foley\AppData\Local\Programs\MiKTeX 2.9\tex/generic/pgf/frontendlayer/tikz/libraries\tikzlibraryfadings.code.tex"
File: tikzlibraryfadings.code.tex 2019/08/03 v3.1.4b (3.1.4b)
 ("C:\Users\Karl Foley\AppData\Local\Programs\MiKTeX 2.9\tex/generic/pgf/libraries\pgflibraryfadings.code.tex"
File: pgflibraryfadings.code.tex 2019/08/03 v3.1.4b (3.1.4b)
))) ("C:\Users\Karl Foley\AppData\Local\Programs\MiKTeX 2.9\tex/latex/tools\calc.sty"
Package: calc 2017/05/25 v4.3 Infix arithmetic (KKT,FJ)
\calc@Acount=\count129
\calc@Bcount=\count130
\calc@Adimen=\dimen179
\calc@Bdimen=\dimen180
\calc@Askip=\skip48
\calc@Bskip=\skip49
LaTeX Info: Redefining \setlength on input line 80.
LaTeX Info: Redefining \addtolength on input line 81.
\calc@Ccount=\count131
\calc@Cskip=\skip50
)
\c@@todonotes@numberoftodonotes=\count132
)
("C:\Users\Karl Foley\AppData\Local\Programs\MiKTeX 2.9\tex/latex/graphics\rotating.sty"
Package: rotating 2016/08/11 v2.16d rotated objects in LaTeX
\c@r@tfl@t=\count133
\rotFPtop=\skip51
\rotFPbot=\skip52
\rot@float@box=\box44
\rot@mess@toks=\toks41
) ("C:\Users\Karl Foley\AppData\Local\Programs\MiKTeX 2.9\tex/latex/hyperref\hyperref.sty"
Package: hyperref 2019/09/28 v7.00a Hypertext links for LaTeX
 ("C:\Users\Karl Foley\AppData\Local\Programs\MiKTeX 2.9\tex/generic/oberdiek\hobsub-hyperref.sty"
Package: hobsub-hyperref 2019/10/27
hobsub not currently supported, see hobsub.dtx to extract original code
 ("C:\Users\Karl Foley\AppData\Local\Programs\MiKTeX 2.9\tex/generic/oberdiek\ltxcmds.sty"
Package: ltxcmds 2016/05/16 v1.23 LaTeX kernel commands for general use (HO)
) ("C:\Users\Karl Foley\AppData\Local\Programs\MiKTeX 2.9\tex/generic/iftex\ifvtex.sty"
Package: ifvtex 2019/10/25 v1.7 ifvtex legacy package. Use iftex instead.
 ("C:\Users\Karl Foley\AppData\Local\Programs\MiKTeX 2.9\tex/generic/iftex\iftex.sty"
Package: iftex 2019/10/24 v1.0a TeX engine tests
)) ("C:\Users\Karl Foley\AppData\Local\Programs\MiKTeX 2.9\tex/generic/oberdiek\pdftexcmds.sty"
Package: pdftexcmds 2019/07/25 v0.30 Utility functions of pdfTeX for LuaTeX (HO)
 ("C:\Users\Karl Foley\AppData\Local\Programs\MiKTeX 2.9\tex/generic/oberdiek\infwarerr.sty"
Package: infwarerr 2016/05/16 v1.4 Providing info/warning/error messages (HO)
) ("C:\Users\Karl Foley\AppData\Local\Programs\MiKTeX 2.9\tex/generic/iftex\ifluatex.sty"
Package: ifluatex 2019/10/25 v1.5 ifluatex legacy package. Use iftex instead.
) ("C:\Users\Karl Foley\AppData\Local\Programs\MiKTeX 2.9\tex/generic/iftex\ifpdf.sty"
Package: ifpdf 2019/10/25 v3.4 ifpdf legacy package. Use iftex instead.
)
Package pdftexcmds Info: LuaTeX not detected.
Package pdftexcmds Info: \pdf@primitive is available.
Package pdftexcmds Info: \pdf@ifprimitive is available.
Package pdftexcmds Info: \pdfdraftmode found.
) ("C:\Users\Karl Foley\AppData\Local\Programs\MiKTeX 2.9\tex/generic/oberdiek\kvsetkeys.sty"
Package: kvsetkeys 2016/05/16 v1.17 Key value parser (HO)
 ("C:\Users\Karl Foley\AppData\Local\Programs\MiKTeX 2.9\tex/generic/oberdiek\etexcmds.sty"
Package: etexcmds 2016/05/16 v1.6 Avoid name clashes with e-TeX commands (HO)
)) ("C:\Users\Karl Foley\AppData\Local\Programs\MiKTeX 2.9\tex/generic/oberdiek\kvdefinekeys.sty"
Package: kvdefinekeys 2016/05/16 v1.4 Define keys (HO)
) ("C:\Users\Karl Foley\AppData\Local\Programs\MiKTeX 2.9\tex/generic/oberdiek\pdfescape.sty"
Package: pdfescape 2016/05/16 v1.14 Implements pdfTeX's escape features (HO)
) ("C:\Users\Karl Foley\AppData\Local\Programs\MiKTeX 2.9\tex/latex/oberdiek\hycolor.sty"
Package: hycolor 2016/05/16 v1.8 Color options for hyperref/bookmark (HO)
 ("C:\Users\Karl Foley\AppData\Local\Programs\MiKTeX 2.9\tex/latex/oberdiek\xcolor-patch.sty"
Package: xcolor-patch 2016/05/16 xcolor patch
 ("C:\Users\Karl Foley\AppData\Local\Programs\MiKTeX 2.9\tex/latex/oberdiek\hopatch.sty"
Package: hopatch 2016/05/16 v1.3 Wrapper for package hooks (HO)
))) ("C:\Users\Karl Foley\AppData\Local\Programs\MiKTeX 2.9\tex/latex/oberdiek\letltxmacro.sty"
Package: letltxmacro 2016/05/16 v1.5 Let assignment for LaTeX macros (HO)
)) ("C:\Users\Karl Foley\AppData\Local\Programs\MiKTeX 2.9\tex/latex/oberdiek\auxhook.sty"
Package: auxhook 2016/05/16 v1.4 Hooks for auxiliary files (HO)
) ("C:\Users\Karl Foley\AppData\Local\Programs\MiKTeX 2.9\tex/generic/iftex\ifxetex.sty"
Package: ifxetex 2019/10/25 v0.7 ifxetex legacy package. Use iftex instead.
) ("C:\Users\Karl Foley\AppData\Local\Programs\MiKTeX 2.9\tex/latex/oberdiek\kvoptions.sty"
Package: kvoptions 2016/05/16 v3.12 Key value format for package options (HO)
)
\@linkdim=\dimen181
\Hy@linkcounter=\count134
\Hy@pagecounter=\count135
 ("C:\Users\Karl Foley\AppData\Local\Programs\MiKTeX 2.9\tex/latex/hyperref\pd1enc.def"
File: pd1enc.def 2019/09/28 v7.00a Hyperref: PDFDocEncoding definition (HO)
) ("C:\Users\Karl Foley\AppData\Local\Programs\MiKTeX 2.9\tex/generic/oberdiek\intcalc.sty"
Package: intcalc 2016/05/16 v1.2 Expandable calculations with integers (HO)
)
\Hy@SavedSpaceFactor=\count136
 ("C:\Users\Karl Foley\AppData\Local\Programs\MiKTeX 2.9\tex/latex/00miktex\hyperref.cfg"
File: hyperref.cfg 2002/06/06 v1.2 hyperref configuration of TeXLive
)
Package hyperref Info: Option `breaklinks' set `true' on input line 4414.
Package hyperref Info: Option `colorlinks' set `true' on input line 4414.
Package hyperref Info: Hyper figures OFF on input line 4540.
Package hyperref Info: Link nesting OFF on input line 4545.
Package hyperref Info: Hyper index ON on input line 4548.
Package hyperref Info: Plain pages OFF on input line 4555.
Package hyperref Info: Backreferencing OFF on input line 4560.
Package hyperref Info: Implicit mode ON; LaTeX internals redefined.
Package hyperref Info: Bookmarks ON on input line 4793.
\c@Hy@tempcnt=\count137
 ("C:\Users\Karl Foley\AppData\Local\Programs\MiKTeX 2.9\tex/latex/url\url.sty"
\Urlmuskip=\muskip11
Package: url 2013/09/16  ver 3.4  Verb mode for urls, etc.
)
LaTeX Info: Redefining \url on input line 5152.
\XeTeXLinkMargin=\dimen182
 ("C:\Users\Karl Foley\AppData\Local\Programs\MiKTeX 2.9\tex/generic/oberdiek\bitset.sty"
Package: bitset 2016/05/16 v1.2 Handle bit-vector datatype (HO)
 ("C:\Users\Karl Foley\AppData\Local\Programs\MiKTeX 2.9\tex/generic/oberdiek\bigintcalc.sty"
Package: bigintcalc 2016/05/16 v1.4 Expandable calculations on big integers (HO)
))
\Fld@menulength=\count138
\Field@Width=\dimen183
\Fld@charsize=\dimen184
Package hyperref Info: Hyper figures OFF on input line 6423.
Package hyperref Info: Link nesting OFF on input line 6428.
Package hyperref Info: Hyper index ON on input line 6431.
Package hyperref Info: backreferencing OFF on input line 6438.
Package hyperref Info: Link coloring ON on input line 6441.
Package hyperref Info: Link coloring with OCG OFF on input line 6448.
Package hyperref Info: PDF/A mode OFF on input line 6453.
LaTeX Info: Redefining \ref on input line 6493.
LaTeX Info: Redefining \pageref on input line 6497.
 ("C:\Users\Karl Foley\AppData\Local\Programs\MiKTeX 2.9\tex/generic/oberdiek\atbegshi.sty"
Package: atbegshi 2016/06/09 v1.18 At begin shipout hook (HO)
)
\Hy@abspage=\count139
\c@Item=\count140
\c@Hfootnote=\count141
)
Package hyperref Info: Driver (autodetected): hpdftex.
 ("C:\Users\Karl Foley\AppData\Local\Programs\MiKTeX 2.9\tex/latex/hyperref\hpdftex.def"
File: hpdftex.def 2019/09/28 v7.00a Hyperref driver for pdfTeX
 ("C:\Users\Karl Foley\AppData\Local\Programs\MiKTeX 2.9\tex/latex/oberdiek\atveryend.sty"
Package: atveryend 2016/05/16 v1.9 Hooks at the very end of document (HO)
Package atveryend Info: \enddocument detected (standard20110627).
)
\Fld@listcount=\count142
\c@bookmark@seq@number=\count143
 ("C:\Users\Karl Foley\AppData\Local\Programs\MiKTeX 2.9\tex/latex/oberdiek\rerunfilecheck.sty"
Package: rerunfilecheck 2016/05/16 v1.8 Rerun checks for auxiliary files (HO)
 ("C:\Users\Karl Foley\AppData\Local\Programs\MiKTeX 2.9\tex/generic/oberdiek\uniquecounter.sty"
Package: uniquecounter 2016/05/16 v1.3 Provide unlimited unique counter (HO)
)
Package uniquecounter Info: New unique counter `rerunfilecheck' on input line 282.
)
\Hy@SectionHShift=\skip53
) ("C:\Users\Karl Foley\AppData\Local\Programs\MiKTeX 2.9\tex/latex/geometry\geometry.sty"
Package: geometry 2018/04/16 v5.8 Page Geometry
\Gm@cnth=\count144
\Gm@cntv=\count145
\c@Gm@tempcnt=\count146
\Gm@bindingoffset=\dimen185
\Gm@wd@mp=\dimen186
\Gm@odd@mp=\dimen187
\Gm@even@mp=\dimen188
\Gm@layoutwidth=\dimen189
\Gm@layoutheight=\dimen190
\Gm@layouthoffset=\dimen191
\Gm@layoutvoffset=\dimen192
\Gm@dimlist=\toks42
 ("C:\Users\Karl Foley\AppData\Local\Programs\MiKTeX 2.9\tex/latex/geometry\geometry.cfg")) ("C:\Users\Karl Foley\AppData\Local\Programs\MiKTeX 2.9\tex/latex/tocbibind\tocbibind.sty"
Package: tocbibind 2010/10/13 v1.5k extra ToC listings
Package tocbibind Info: The document has section divisions on input line 50.


Package tocbibind Note: Using section or other style headings.

) ("c:/Users\Karl Foley\Documents\COMP3350\Assessment 2\Comp3350report\main.aux")
\openout1 = `main.aux'.

LaTeX Font Info:    Checking defaults for OML/cmm/m/it on input line 53.
LaTeX Font Info:    ... okay on input line 53.
LaTeX Font Info:    Checking defaults for T1/cmr/m/n on input line 53.
LaTeX Font Info:    ... okay on input line 53.
LaTeX Font Info:    Checking defaults for OT1/cmr/m/n on input line 53.
LaTeX Font Info:    ... okay on input line 53.
LaTeX Font Info:    Checking defaults for OMS/cmsy/m/n on input line 53.
LaTeX Font Info:    ... okay on input line 53.
LaTeX Font Info:    Checking defaults for OMX/cmex/m/n on input line 53.
LaTeX Font Info:    ... okay on input line 53.
LaTeX Font Info:    Checking defaults for U/cmr/m/n on input line 53.
LaTeX Font Info:    ... okay on input line 53.
LaTeX Font Info:    Checking defaults for PD1/pdf/m/n on input line 53.
LaTeX Font Info:    ... okay on input line 53.
 ("C:\Users\Karl Foley\AppData\Local\Programs\MiKTeX 2.9\tex/latex/ucs\ucsencs.def"
File: ucsencs.def 2011/01/21 Fixes to fontencodings LGR, T3
) ("C:\Users\Karl Foley\AppData\Local\Programs\MiKTeX 2.9\tex/context/base/mkii\supp-pdf.mkii"
[Loading MPS to PDF converter (version 2006.09.02).]
\scratchcounter=\count147
\scratchdimen=\dimen193
\scratchbox=\box45
\nofMPsegments=\count148
\nofMParguments=\count149
\everyMPshowfont=\toks43
\MPscratchCnt=\count150
\MPscratchDim=\dimen194
\MPnumerator=\count151
\makeMPintoPDFobject=\count152
\everyMPtoPDFconversion=\toks44
) ("C:\Users\Karl Foley\AppData\Local\Programs\MiKTeX 2.9\tex/latex/oberdiek\epstopdf-base.sty"
Package: epstopdf-base 2016/05/15 v2.6 Base part for package epstopdf
 ("C:\Users\Karl Foley\AppData\Local\Programs\MiKTeX 2.9\tex/latex/oberdiek\grfext.sty"
Package: grfext 2016/05/16 v1.2 Manage graphics extensions (HO)
)
Package epstopdf-base Info: Redefining graphics rule for `.eps' on input line 438.
Package grfext Info: Graphics extension search list:
(grfext)             [.pdf,.png,.jpg,.mps,.jpeg,.jbig2,.jb2,.PDF,.PNG,.JPG,.JPEG,.JBIG2,.JB2,.eps]
(grfext)             \AppendGraphicsExtensions on input line 456.
) ABD: EveryShipout initializing macros

Package todonotes Warning: The length marginparwidth is less than 2cm and will most likely cause issues with the appearance of inserted todonotes. The issue can be solved by adding a line like \setlength {\marginparwidth }{2cm} prior to loading the todonotes package. on input line 53.

\AtBeginShipoutBox=\box46
Package hyperref Info: Link coloring ON on input line 53.
("C:\Users\Karl Foley\AppData\Local\Programs\MiKTeX 2.9\tex/latex/hyperref\nameref.sty"
Package: nameref 2019/09/16 v2.46 Cross-referencing by name of section
 ("C:\Users\Karl Foley\AppData\Local\Programs\MiKTeX 2.9\tex/latex/oberdiek\refcount.sty"
Package: refcount 2016/05/16 v3.5 Data extraction from label references (HO)
) ("C:\Users\Karl Foley\AppData\Local\Programs\MiKTeX 2.9\tex/generic/oberdiek\gettitlestring.sty"
Package: gettitlestring 2016/05/16 v1.5 Cleanup title references (HO)
)
\c@section@level=\count153
)
LaTeX Info: Redefining \ref on input line 53.
LaTeX Info: Redefining \pageref on input line 53.
LaTeX Info: Redefining \nameref on input line 53.
 ("c:/Users\Karl Foley\Documents\COMP3350\Assessment 2\Comp3350report\main.out") ("c:/Users\Karl Foley\Documents\COMP3350\Assessment 2\Comp3350report\main.out")
\@outlinefile=\write4
\openout4 = `main.out'.


*geometry* driver: auto-detecting
*geometry* detected driver: pdftex
*geometry* verbose mode - [ preamble ] result:
* driver: pdftex
* paper: <default>
* layout: <same size as paper>
* layoutoffset:(h,v)=(0.0pt,0.0pt)
* modes: 
* h-part:(L,W,R)=(92.14519pt, 430.00462pt, 92.14519pt)
* v-part:(T,H,B)=(95.39737pt, 556.47656pt, 143.09605pt)
* \paperwidth=614.295pt
* \paperheight=794.96999pt
* \textwidth=430.00462pt
* \textheight=556.47656pt
* \oddsidemargin=19.8752pt
* \evensidemargin=19.8752pt
* \topmargin=-13.87262pt
* \headheight=12.0pt
* \headsep=25.0pt
* \topskip=12.0pt
* \footskip=30.0pt
* \marginparwidth=44.0pt
* \marginparsep=10.0pt
* \columnsep=10.0pt
* \skip\footins=10.8pt plus 4.0pt minus 2.0pt
* \hoffset=0.0pt
* \voffset=0.0pt
* \mag=1000
* \@twocolumnfalse
* \@twosidefalse
* \@mparswitchfalse
* \@reversemarginfalse
* (1in=72.27pt=25.4mm, 1cm=28.453pt)

<images/uon-logo-square.png, id=98, 301.125pt x 301.125pt>
File: images/uon-logo-square.png Graphic file (type png)
<use images/uon-logo-square.png>
Package pdftex.def Info: images/uon-logo-square.png  used on input line 67.
(pdftex.def)             Requested size: 90.33818pt x 90.33818pt.
[1

{C:/Users/Karl Foley/AppData/Local/MiKTeX/2.9/pdftex/config/pdftex.map} <c:/Users/Karl Foley/Documents/COMP3350/Assessment 2/Comp3350report/images/uon-logo-square.png>] ("c:/Users\Karl Foley\Documents\COMP3350\Assessment 2\Comp3350report\main.toc")
\tf@toc=\write5
\openout5 = `main.toc'.

 [1] ("c:/Users\Karl Foley\Documents\COMP3350\Assessment 2\Comp3350report\main.lof")
\tf@lof=\write6
\openout6 = `main.lof'.

 [2]pdfTeX warning (ext4): destination with the same identifier (name{page.1}) has been already used, duplicate ignored
<to be read again> 
                   \relax 
l.155 
       [1] [2]
<images/Item sales2013.pdf, id=226, 1035.87pt x 614.295pt>
File: images/Item sales2013.pdf Graphic file (type pdf)
<use images/Item sales2013.pdf>
Package pdftex.def Info: images/Item sales2013.pdf  used on input line 216.
(pdftex.def)             Requested size: 526.37598pt x 312.1615pt.
<images/Item sales2014.pdf, id=227, 1035.87pt x 614.295pt>
File: images/Item sales2014.pdf Graphic file (type pdf)
<use images/Item sales2014.pdf>
Package pdftex.def Info: images/Item sales2014.pdf  used on input line 223.
(pdftex.def)             Requested size: 526.37598pt x 312.1615pt.
 [3] [4]
Overfull \vbox (34.97606pt too high) has occurred while \output is active []

 [5 <c:/Users/Karl Foley/Documents/COMP3350/Assessment 2/Comp3350report/images/Item sales2013.pdf

pdfTeX warning: pdflatex (file c:/Users/Karl Foley/Documents/COMP3350/Assessment 2/Comp3350report/images/Item sales2013.pdf): PDF inclusion: invalid other resource which is no dict (key 'ProcSets', type <array>); ignored.
>]
<images/Item sales2015.pdf, id=279, 1035.87pt x 614.295pt>
File: images/Item sales2015.pdf Graphic file (type pdf)
<use images/Item sales2015.pdf>
Package pdftex.def Info: images/Item sales2015.pdf  used on input line 230.
(pdftex.def)             Requested size: 526.37598pt x 312.1615pt.
<images/Item sales2016.pdf, id=280, 1035.87pt x 614.295pt>
File: images/Item sales2016.pdf Graphic file (type pdf)
<use images/Item sales2016.pdf>
Package pdftex.def Info: images/Item sales2016.pdf  used on input line 237.
(pdftex.def)             Requested size: 526.37598pt x 312.1615pt.
 [6 <c:/Users/Karl Foley/Documents/COMP3350/Assessment 2/Comp3350report/images/Item sales2014.pdf

pdfTeX warning: pdflatex (file c:/Users/Karl Foley/Documents/COMP3350/Assessment 2/Comp3350report/images/Item sales2014.pdf): PDF inclusion: invalid other resource which is no dict (key 'ProcSets', type <array>); ignored.
>] [7 <c:/Users/Karl Foley/Documents/COMP3350/Assessment 2/Comp3350report/images/Item sales2015.pdf

pdfTeX warning: pdflatex (file c:/Users/Karl Foley/Documents/COMP3350/Assessment 2/Comp3350report/images/Item sales2015.pdf): PDF inclusion: invalid other resource which is no dict (key 'ProcSets', type <array>); ignored.
>]
<images/Sales/stock item by Sale Count2013.png, id=366, 804.00375pt x 327.2225pt>
File: images/Sales/stock item by Sale Count2013.png Graphic file (type png)
<use images/Sales/stock item by Sale Count2013.png>
Package pdftex.def Info: images/Sales/stock item by Sale Count2013.png  used on input line 245.
(pdftex.def)             Requested size: 497.92322pt x 202.64616pt.

Overfull \hbox (67.9186pt too wide) in paragraph at lines 244--246
 [][] 
 []

[8 <c:/Users/Karl Foley/Documents/COMP3350/Assessment 2/Comp3350report/images/Item sales2016.pdf

pdfTeX warning: pdflatex (file c:/Users/Karl Foley/Documents/COMP3350/Assessment 2/Comp3350report/images/Item sales2016.pdf): PDF inclusion: invalid other resource which is no dict (key 'ProcSets', type <array>); ignored.
>]
<images/Sales/stock item by Sale Count2014.png, id=410, 645.41125pt x 316.18124pt>
File: images/Sales/stock item by Sale Count2014.png Graphic file (type png)
<use images/Sales/stock item by Sale Count2014.png>
Package pdftex.def Info: images/Sales/stock item by Sale Count2014.png  used on input line 253.
(pdftex.def)             Requested size: 497.92322pt x 243.92828pt.

Overfull \hbox (67.9186pt too wide) in paragraph at lines 252--254
 [][] 
 []

<images/Sales/stock item by Sale Count2015.png, id=411, 798.985pt x 321.2pt>
File: images/Sales/stock item by Sale Count2015.png Graphic file (type png)
<use images/Sales/stock item by Sale Count2015.png>
Package pdftex.def Info: images/Sales/stock item by Sale Count2015.png  used on input line 261.
(pdftex.def)             Requested size: 497.92322pt x 200.17117pt.

Overfull \hbox (67.9186pt too wide) in paragraph at lines 260--262
 [][] 
 []

<images/Sales/stock item by Sale Count2016.png, id=412, 775.89874pt x 316.18124pt>
File: images/Sales/stock item by Sale Count2016.png Graphic file (type png)
<use images/Sales/stock item by Sale Count2016.png>
Package pdftex.def Info: images/Sales/stock item by Sale Count2016.png  used on input line 268.
(pdftex.def)             Requested size: 497.92322pt x 202.91013pt.

Overfull \hbox (67.9186pt too wide) in paragraph at lines 267--269
 [][] 
 []

[9 <c:/Users/Karl Foley/Documents/COMP3350/Assessment 2/Comp3350report/images/Sales/stock item by Sale Count2013.png> <c:/Users/Karl Foley/Documents/COMP3350/Assessment 2/Comp3350report/images/Sales/stock item by Sale Count2014.png>]
<images/Sales/Total Sales By stock item2013.png, id=419, 454.69875pt x 538.01pt>
File: images/Sales/Total Sales By stock item2013.png Graphic file (type png)
<use images/Sales/Total Sales By stock item2013.png>
Package pdftex.def Info: images/Sales/Total Sales By stock item2013.png  used on input line 276.
(pdftex.def)             Requested size: 454.69763pt x 538.00868pt.

Overfull \hbox (24.69301pt too wide) in paragraph at lines 275--277
 [][] 
 []

[10 <c:/Users/Karl Foley/Documents/COMP3350/Assessment 2/Comp3350report/images/Sales/stock item by Sale Count2015.png> <c:/Users/Karl Foley/Documents/COMP3350/Assessment 2/Comp3350report/images/Sales/stock item by Sale Count2016.png>]
Overfull \vbox (8.36543pt too high) has occurred while \output is active []

 [11 <c:/Users/Karl Foley/Documents/COMP3350/Assessment 2/Comp3350report/images/Sales/Total Sales By stock item2013.png>]
<images/Sales/Total Sales By stock item2014.png, id=432, 451.6875pt x 547.04375pt>
File: images/Sales/Total Sales By stock item2014.png Graphic file (type png)
<use images/Sales/Total Sales By stock item2014.png>
Package pdftex.def Info: images/Sales/Total Sales By stock item2014.png  used on input line 284.
(pdftex.def)             Requested size: 451.68639pt x 547.0424pt.

Overfull \hbox (21.68176pt too wide) in paragraph at lines 283--285
 [][] 
 []


Overfull \vbox (17.39915pt too high) has occurred while \output is active []

 [12 <c:/Users/Karl Foley/Documents/COMP3350/Assessment 2/Comp3350report/images/Sales/Total Sales By stock item2014.png>]
<images/Sales/Total Sales By stock item2015.png, id=438, 448.67625pt x 544.0325pt>
File: images/Sales/Total Sales By stock item2015.png Graphic file (type png)
<use images/Sales/Total Sales By stock item2015.png>
Package pdftex.def Info: images/Sales/Total Sales By stock item2015.png  used on input line 292.
(pdftex.def)             Requested size: 448.67516pt x 544.03117pt.

Overfull \hbox (18.67053pt too wide) in paragraph at lines 291--293
 [][] 
 []


Overfull \vbox (14.38792pt too high) has occurred while \output is active []

 [13 <c:/Users/Karl Foley/Documents/COMP3350/Assessment 2/Comp3350report/images/Sales/Total Sales By stock item2015.png>]
<images/Sales/Total Sales By stock item2016.png, id=444, 461.725pt x 505.89pt>
File: images/Sales/Total Sales By stock item2016.png Graphic file (type png)
<use images/Sales/Total Sales By stock item2016.png>
Package pdftex.def Info: images/Sales/Total Sales By stock item2016.png  used on input line 300.
(pdftex.def)             Requested size: 461.72388pt x 505.88875pt.

Overfull \hbox (31.71925pt too wide) in paragraph at lines 299--301
 [][] 
 []

<images/Sales/Sale Count by State Province2013.png, id=445, 793.96625pt x 412.54124pt>
File: images/Sales/Sale Count by State Province2013.png Graphic file (type png)
<use images/Sales/Sale Count by State Province2013.png>
Package pdftex.def Info: images/Sales/Sale Count by State Province2013.png  used on input line 308.
(pdftex.def)             Requested size: 497.92322pt x 258.72522pt.

Overfull \hbox (67.9186pt too wide) in paragraph at lines 307--309
 [][] 
 []

[14 <c:/Users/Karl Foley/Documents/COMP3350/Assessment 2/Comp3350report/images/Sales/Total Sales By stock item2016.png>]
<images/item Purchase2013.pdf, id=451, 1035.87pt x 614.295pt>
File: images/item Purchase2013.pdf Graphic file (type pdf)
<use images/item Purchase2013.pdf>
Package pdftex.def Info: images/item Purchase2013.pdf  used on input line 324.
(pdftex.def)             Requested size: 526.37598pt x 312.1615pt.
<images/item Purchase2014.pdf, id=452, 1035.87pt x 614.295pt>
File: images/item Purchase2014.pdf Graphic file (type pdf)
<use images/item Purchase2014.pdf>
Package pdftex.def Info: images/item Purchase2014.pdf  used on input line 331.
(pdftex.def)             Requested size: 526.37598pt x 312.1615pt.
 [15 <c:/Users/Karl Foley/Documents/COMP3350/Assessment 2/Comp3350report/images/Sales/Sale Count by State Province2013.png>]
<images/item Purchase2015.pdf, id=458, 1035.87pt x 614.295pt>
File: images/item Purchase2015.pdf Graphic file (type pdf)
<use images/item Purchase2015.pdf>
Package pdftex.def Info: images/item Purchase2015.pdf  used on input line 338.
(pdftex.def)             Requested size: 526.37598pt x 312.1615pt.
 [16 <c:/Users/Karl Foley/Documents/COMP3350/Assessment 2/Comp3350report/images/item Purchase2013.pdf

pdfTeX warning: pdflatex (file c:/Users/Karl Foley/Documents/COMP3350/Assessment 2/Comp3350report/images/item Purchase2013.pdf): PDF inclusion: invalid other resource which is no dict (key 'ProcSets', type <array>); ignored.
>]
<images/item Purchase2016.pdf, id=498, 1035.87pt x 614.295pt>
File: images/item Purchase2016.pdf Graphic file (type pdf)
<use images/item Purchase2016.pdf>
Package pdftex.def Info: images/item Purchase2016.pdf  used on input line 345.
(pdftex.def)             Requested size: 526.37598pt x 312.1615pt.
 [17 <c:/Users/Karl Foley/Documents/COMP3350/Assessment 2/Comp3350report/images/item Purchase2014.pdf

pdfTeX warning: pdflatex (file c:/Users/Karl Foley/Documents/COMP3350/Assessment 2/Comp3350report/images/item Purchase2014.pdf): PDF inclusion: invalid other resource which is no dict (key 'ProcSets', type <array>); ignored.
>] [18 <c:/Users/Karl Foley/Documents/COMP3350/Assessment 2/Comp3350report/images/item Purchase2015.pdf

pdfTeX warning: pdflatex (file c:/Users/Karl Foley/Documents/COMP3350/Assessment 2/Comp3350report/images/item Purchase2015.pdf): PDF inclusion: invalid other resource which is no dict (key 'ProcSets', type <array>); ignored.
>] [19 <c:/Users/Karl Foley/Documents/COMP3350/Assessment 2/Comp3350report/images/item Purchase2016.pdf

pdfTeX warning: pdflatex (file c:/Users/Karl Foley/Documents/COMP3350/Assessment 2/Comp3350report/images/item Purchase2016.pdf): PDF inclusion: invalid other resource which is no dict (key 'ProcSets', type <array>); ignored.
>]
Package atveryend Info: Empty hook `BeforeClearDocument' on input line 350.
Package atveryend Info: Empty hook `AfterLastShipout' on input line 350.
 ("c:/Users\Karl Foley\Documents\COMP3350\Assessment 2\Comp3350report\main.aux")
Package atveryend Info: Executing hook `AtVeryEndDocument' on input line 350.
Package atveryend Info: Executing hook `AtEndAfterFileList' on input line 350.
Package rerunfilecheck Info: File `main.out' has not changed.
(rerunfilecheck)             Checksum: 655A69DE86B8426D7CB4F8FE2CFB3435;1019.
Package atveryend Info: Empty hook `AtVeryVeryEnd' on input line 350.
 ) 
Here is how much of TeX's memory you used:
 19420 strings out of 492453
 371993 string characters out of 3117739
 454472 words of memory out of 3000000
 23276 multiletter control sequences out of 15000+200000
 10424 words of font info for 37 fonts, out of 3000000 for 9000
 1141 hyphenation exceptions out of 8191
 68i,8n,83p,970b,408s stack positions out of 5000i,500n,10000p,200000b,50000s
<C:/Users/Karl Foley/AppData/Local/Programs/MiKTeX 2.9/fonts/type1/public/amsfonts/cm/cmbx12.pfb><C:/Users/Karl Foley/AppData/Local/Programs/MiKTeX 2.9/fonts/type1/public/amsfonts/cm/cmcsc10.pfb><C:/Users/Karl Foley/AppData/Local/Programs/MiKTeX 2.9/fonts/type1/public/amsfonts/cm/cmr12.pfb><C:/Users/Karl Foley/AppData/Local/Programs/MiKTeX 2.9/fonts/type1/public/amsfonts/cm/cmti12.pfb>
Output written on "c:/Users\Karl Foley\Documents\COMP3350\Assessment 2\Comp3350report\main.pdf" (22 pages, 3890053 bytes).
PDF statistics:
 642 PDF objects out of 1000 (max. 8388607)
 57 named destinations out of 1000 (max. 500000)
 335 words of extra memory for PDF output out of 10000 (max. 10000000)

